INFO:root:Generating a list of 5 users.
INFO:root:Generating user.
INFO:root:Generating user.
INFO:root:Generating user.
INFO:root:Generating user.
INFO:root:Generating user.
INFO:root:Generating a list of 5 users.
INFO:root:Generating user.
INFO:root:Generating user.
INFO:root:Generating user.
INFO:root:Generating user.
INFO:root:Generating user.
2023-02-04 17:55:53,571:Generating a list of 5 users.
2023-02-04 17:55:53,572:Generating user.
2023-02-04 17:55:53,572:Generating user.
2023-02-04 17:55:53,572:Generating user.
2023-02-04 17:55:53,572:Generating user.
2023-02-04 17:55:53,572:Generating user.
2023-02-04 17:58:30,469::INFO::Generating a list of 5 users.
2023-02-04 17:58:30,469::INFO::Generating user.
2023-02-04 17:58:30,469::INFO::Generating user.
2023-02-04 17:58:30,470::INFO::Generating user.
2023-02-04 17:58:30,470::INFO::Generating user.
2023-02-04 17:58:30,470::INFO::Generating user.
INFO:root:Generating a list of 5 users.
INFO:root:Generating user.
INFO:root:Generating user.
INFO:root:Generating user.
INFO:root:Generating user.
INFO:root:Generating user.
2023-02-04 18:04:04,507::INFO-8s::Generating a list of 5 users.
2023-02-04 18:04:04,508::INFO-8s::Generating user.
2023-02-04 18:04:04,508::INFO-8s::Generating user.
2023-02-04 18:04:04,508::INFO-8s::Generating user.
2023-02-04 18:04:04,508::INFO-8s::Generating user.
2023-02-04 18:04:04,508::INFO-8s::Generating user.
2023-02-04::18:05:33::INFO::Generating a list of 5 users.
2023-02-04::18:05:33::INFO::Generating user.
2023-02-04::18:05:33::INFO::Generating user.
2023-02-04::18:05:33::INFO::Generating user.
2023-02-04::18:05:33::INFO::Generating user.
2023-02-04::18:05:33::INFO::Generating user.
